<?xml version="1.0" encoding="UTF-8"?>
<!-- Generated by org.testng.reporters.JUnitReportReporter -->
<testsuite hostname="DESKTOP-II2K3KE" failures="0" tests="1" name="com.vytrack.tests.Test1" time="27.355" errors="0" timestamp="2021-02-11T14:09:38 TRT" skipped="0">
  <testcase classname="com.vytrack.tests.Test1" name="test1" time="27.355"/>
  <system-out/>
</testsuite> <!-- com.vytrack.tests.Test1 -->
